{"/home/runner/work/FickleFlight/FickleFlight/src/App.tsx": {"path":"/home/runner/work/FickleFlight/FickleFlight/src/App.tsx","statementMap":{"0":{"start":{"line":11,"column":17},"end":{"line":11,"column":36}},"1":{"start":{"line":12,"column":19},"end":{"line":12,"column":32}},"2":{"start":{"line":13,"column":19},"end":{"line":13,"column":36}},"3":{"start":{"line":15,"column":2},"end":{"line":19,"column":25}},"4":{"start":{"line":16,"column":4},"end":{"line":18,"column":5}},"5":{"start":{"line":17,"column":6},"end":{"line":17,"column":28}},"6":{"start":{"line":21,"column":2},"end":{"line":44,"column":17}},"7":{"start":{"line":22,"column":16},"end":{"line":22,"column":18}},"8":{"start":{"line":23,"column":26},"end":{"line":23,"column":28}},"9":{"start":{"line":25,"column":4},"end":{"line":30,"column":5}},"10":{"start":{"line":27,"column":8},"end":{"line":27,"column":19}},"11":{"start":{"line":28,"column":8},"end":{"line":28,"column":29}},"12":{"start":{"line":29,"column":8},"end":{"line":29,"column":14}},"13":{"start":{"line":32,"column":4},"end":{"line":34,"column":5}},"14":{"start":{"line":33,"column":6},"end":{"line":33,"column":29}},"15":{"start":{"line":36,"column":4},"end":{"line":43,"column":5}},"16":{"start":{"line":37,"column":57},"end":{"line":39,"column":7}},"17":{"start":{"line":40,"column":6},"end":{"line":42,"column":7}},"18":{"start":{"line":41,"column":8},"end":{"line":41,"column":53}},"19":{"start":{"line":46,"column":2},"end":{"line":50,"column":4}}},"fnMap":{"0":{"name":"App","decl":{"start":{"line":10,"column":9},"end":{"line":10,"column":12}},"loc":{"start":{"line":10,"column":15},"end":{"line":51,"column":1}},"line":10},"1":{"name":"(anonymous_1)","decl":{"start":{"line":15,"column":12},"end":{"line":15,"column":13}},"loc":{"start":{"line":15,"column":18},"end":{"line":19,"column":3}},"line":15},"2":{"name":"(anonymous_2)","decl":{"start":{"line":21,"column":12},"end":{"line":21,"column":13}},"loc":{"start":{"line":21,"column":18},"end":{"line":44,"column":3}},"line":21}},"branchMap":{"0":{"loc":{"start":{"line":16,"column":4},"end":{"line":18,"column":5}},"type":"if","locations":[{"start":{"line":16,"column":4},"end":{"line":18,"column":5}},{"start":{},"end":{}}],"line":16},"1":{"loc":{"start":{"line":25,"column":4},"end":{"line":30,"column":5}},"type":"switch","locations":[{"start":{"line":26,"column":6},"end":{"line":29,"column":14}}],"line":25},"2":{"loc":{"start":{"line":32,"column":4},"end":{"line":34,"column":5}},"type":"if","locations":[{"start":{"line":32,"column":4},"end":{"line":34,"column":5}},{"start":{},"end":{}}],"line":32},"3":{"loc":{"start":{"line":36,"column":4},"end":{"line":43,"column":5}},"type":"if","locations":[{"start":{"line":36,"column":4},"end":{"line":43,"column":5}},{"start":{},"end":{}}],"line":36},"4":{"loc":{"start":{"line":40,"column":6},"end":{"line":42,"column":7}},"type":"if","locations":[{"start":{"line":40,"column":6},"end":{"line":42,"column":7}},{"start":{},"end":{}}],"line":40}},"s":{"0":0,"1":0,"2":0,"3":0,"4":0,"5":0,"6":0,"7":0,"8":0,"9":0,"10":0,"11":0,"12":0,"13":0,"14":0,"15":0,"16":0,"17":0,"18":0,"19":0},"f":{"0":0,"1":0,"2":0},"b":{"0":[0,0],"1":[0],"2":[0,0],"3":[0,0],"4":[0,0]}}
,"/home/runner/work/FickleFlight/FickleFlight/src/index.tsx": {"path":"/home/runner/work/FickleFlight/FickleFlight/src/index.tsx","statementMap":{"0":{"start":{"line":15,"column":17},"end":{"line":15,"column":30}},"1":{"start":{"line":17,"column":18},"end":{"line":17,"column":49}},"2":{"start":{"line":18,"column":13},"end":{"line":18,"column":35}},"3":{"start":{"line":20,"column":0},"end":{"line":29,"column":2}},"4":{"start":{"line":34,"column":0},"end":{"line":34,"column":18}}},"fnMap":{},"branchMap":{},"s":{"0":0,"1":0,"2":0,"3":0,"4":0},"f":{},"b":{}}
,"/home/runner/work/FickleFlight/FickleFlight/src/reportWebVitals.tsx": {"path":"/home/runner/work/FickleFlight/FickleFlight/src/reportWebVitals.tsx","statementMap":{"0":{"start":{"line":2,"column":24},"end":{"line":12,"column":1}},"1":{"start":{"line":3,"column":2},"end":{"line":11,"column":3}},"2":{"start":{"line":4,"column":4},"end":{"line":10,"column":7}},"3":{"start":{"line":5,"column":6},"end":{"line":5,"column":26}},"4":{"start":{"line":6,"column":6},"end":{"line":6,"column":26}},"5":{"start":{"line":7,"column":6},"end":{"line":7,"column":26}},"6":{"start":{"line":8,"column":6},"end":{"line":8,"column":26}},"7":{"start":{"line":9,"column":6},"end":{"line":9,"column":27}}},"fnMap":{"0":{"name":"(anonymous_0)","decl":{"start":{"line":2,"column":24},"end":{"line":2,"column":25}},"loc":{"start":{"line":2,"column":57},"end":{"line":12,"column":1}},"line":2},"1":{"name":"(anonymous_1)","decl":{"start":{"line":4,"column":30},"end":{"line":4,"column":31}},"loc":{"start":{"line":4,"column":79},"end":{"line":10,"column":5}},"line":4}},"branchMap":{"0":{"loc":{"start":{"line":3,"column":2},"end":{"line":11,"column":3}},"type":"if","locations":[{"start":{"line":3,"column":2},"end":{"line":11,"column":3}},{"start":{},"end":{}}],"line":3},"1":{"loc":{"start":{"line":3,"column":6},"end":{"line":3,"column":52}},"type":"binary-expr","locations":[{"start":{"line":3,"column":6},"end":{"line":3,"column":17}},{"start":{"line":3,"column":21},"end":{"line":3,"column":52}}],"line":3}},"s":{"0":0,"1":0,"2":0,"3":0,"4":0,"5":0,"6":0,"7":0},"f":{"0":0,"1":0},"b":{"0":[0,0],"1":[0,0]}}
,"/home/runner/work/FickleFlight/FickleFlight/src/components/Homepage.tsx": {"path":"/home/runner/work/FickleFlight/FickleFlight/src/components/Homepage.tsx","statementMap":{"0":{"start":{"line":22,"column":50},"end":{"line":800,"column":1}},"1":{"start":{"line":26,"column":6},"end":{"line":26,"column":20}},"2":{"start":{"line":27,"column":58},"end":{"line":27,"column":73}},"3":{"start":{"line":28,"column":19},"end":{"line":28,"column":32}},"4":{"start":{"line":30,"column":30},"end":{"line":32,"column":8}},"5":{"start":{"line":31,"column":4},"end":{"line":31,"column":33}},"6":{"start":{"line":34,"column":31},"end":{"line":36,"column":8}},"7":{"start":{"line":35,"column":4},"end":{"line":35,"column":34}},"8":{"start":{"line":38,"column":28},"end":{"line":40,"column":16}},"9":{"start":{"line":39,"column":4},"end":{"line":39,"column":18}},"10":{"start":{"line":42,"column":28},"end":{"line":44,"column":16}},"11":{"start":{"line":43,"column":4},"end":{"line":43,"column":29}},"12":{"start":{"line":46,"column":2},"end":{"line":799,"column":4}},"13":{"start":{"line":144,"column":28},"end":{"line":151,"column":30}},"14":{"start":{"line":171,"column":28},"end":{"line":178,"column":30}},"15":{"start":{"line":189,"column":30},"end":{"line":189,"column":77}},"16":{"start":{"line":208,"column":49},"end":{"line":208,"column":54}}},"fnMap":{"0":{"name":"(anonymous_0)","decl":{"start":{"line":22,"column":50},"end":{"line":22,"column":51}},"loc":{"start":{"line":22,"column":74},"end":{"line":800,"column":1}},"line":22},"1":{"name":"(anonymous_1)","decl":{"start":{"line":30,"column":42},"end":{"line":30,"column":43}},"loc":{"start":{"line":30,"column":48},"end":{"line":32,"column":3}},"line":30},"2":{"name":"(anonymous_2)","decl":{"start":{"line":34,"column":43},"end":{"line":34,"column":44}},"loc":{"start":{"line":34,"column":49},"end":{"line":36,"column":3}},"line":34},"3":{"name":"(anonymous_3)","decl":{"start":{"line":38,"column":40},"end":{"line":38,"column":41}},"loc":{"start":{"line":38,"column":46},"end":{"line":40,"column":3}},"line":38},"4":{"name":"(anonymous_4)","decl":{"start":{"line":42,"column":40},"end":{"line":42,"column":41}},"loc":{"start":{"line":42,"column":46},"end":{"line":44,"column":3}},"line":42},"5":{"name":"(anonymous_5)","decl":{"start":{"line":143,"column":39},"end":{"line":143,"column":40}},"loc":{"start":{"line":144,"column":28},"end":{"line":151,"column":30}},"line":144},"6":{"name":"(anonymous_6)","decl":{"start":{"line":170,"column":39},"end":{"line":170,"column":40}},"loc":{"start":{"line":171,"column":28},"end":{"line":178,"column":30}},"line":171},"7":{"name":"(anonymous_7)","decl":{"start":{"line":188,"column":38},"end":{"line":188,"column":39}},"loc":{"start":{"line":188,"column":57},"end":{"line":190,"column":29}},"line":188},"8":{"name":"(anonymous_8)","decl":{"start":{"line":208,"column":43},"end":{"line":208,"column":44}},"loc":{"start":{"line":208,"column":49},"end":{"line":208,"column":54}},"line":208}},"branchMap":{"0":{"loc":{"start":{"line":22,"column":53},"end":{"line":22,"column":67}},"type":"default-arg","locations":[{"start":{"line":22,"column":65},"end":{"line":22,"column":67}}],"line":22},"1":{"loc":{"start":{"line":788,"column":9},"end":{"line":796,"column":9}},"type":"binary-expr","locations":[{"start":{"line":788,"column":9},"end":{"line":788,"column":30}},{"start":{"line":789,"column":10},"end":{"line":795,"column":24}}],"line":788}},"s":{"0":0,"1":0,"2":0,"3":0,"4":0,"5":0,"6":0,"7":0,"8":0,"9":0,"10":0,"11":0,"12":0,"13":0,"14":0,"15":0,"16":0},"f":{"0":0,"1":0,"2":0,"3":0,"4":0,"5":0,"6":0,"7":0,"8":0},"b":{"0":[0],"1":[0,0]}}
,"/home/runner/work/FickleFlight/FickleFlight/src/components/HotelsPage.tsx": {"path":"/home/runner/work/FickleFlight/FickleFlight/src/components/HotelsPage.tsx","statementMap":{"0":{"start":{"line":12,"column":54},"end":{"line":398,"column":1}},"1":{"start":{"line":13,"column":58},"end":{"line":13,"column":73}},"2":{"start":{"line":14,"column":19},"end":{"line":14,"column":32}},"3":{"start":{"line":16,"column":30},"end":{"line":18,"column":8}},"4":{"start":{"line":17,"column":4},"end":{"line":17,"column":33}},"5":{"start":{"line":20,"column":31},"end":{"line":22,"column":8}},"6":{"start":{"line":21,"column":4},"end":{"line":21,"column":34}},"7":{"start":{"line":24,"column":43},"end":{"line":26,"column":16}},"8":{"start":{"line":25,"column":4},"end":{"line":25,"column":26}},"9":{"start":{"line":28,"column":28},"end":{"line":30,"column":16}},"10":{"start":{"line":29,"column":4},"end":{"line":29,"column":18}},"11":{"start":{"line":32,"column":2},"end":{"line":397,"column":4}}},"fnMap":{"0":{"name":"(anonymous_0)","decl":{"start":{"line":12,"column":54},"end":{"line":12,"column":55}},"loc":{"start":{"line":12,"column":78},"end":{"line":398,"column":1}},"line":12},"1":{"name":"(anonymous_1)","decl":{"start":{"line":16,"column":42},"end":{"line":16,"column":43}},"loc":{"start":{"line":16,"column":48},"end":{"line":18,"column":3}},"line":16},"2":{"name":"(anonymous_2)","decl":{"start":{"line":20,"column":43},"end":{"line":20,"column":44}},"loc":{"start":{"line":20,"column":49},"end":{"line":22,"column":3}},"line":20},"3":{"name":"(anonymous_3)","decl":{"start":{"line":24,"column":55},"end":{"line":24,"column":56}},"loc":{"start":{"line":24,"column":61},"end":{"line":26,"column":3}},"line":24},"4":{"name":"(anonymous_4)","decl":{"start":{"line":28,"column":40},"end":{"line":28,"column":41}},"loc":{"start":{"line":28,"column":46},"end":{"line":30,"column":3}},"line":28}},"branchMap":{"0":{"loc":{"start":{"line":12,"column":57},"end":{"line":12,"column":71}},"type":"default-arg","locations":[{"start":{"line":12,"column":69},"end":{"line":12,"column":71}}],"line":12},"1":{"loc":{"start":{"line":387,"column":7},"end":{"line":395,"column":7}},"type":"binary-expr","locations":[{"start":{"line":387,"column":7},"end":{"line":387,"column":28}},{"start":{"line":388,"column":8},"end":{"line":394,"column":22}}],"line":387}},"s":{"0":0,"1":0,"2":0,"3":0,"4":0,"5":0,"6":0,"7":0,"8":0,"9":0,"10":0,"11":0},"f":{"0":0,"1":0,"2":0,"3":0,"4":0},"b":{"0":[0],"1":[0,0]}}
,"/home/runner/work/FickleFlight/FickleFlight/src/components/MatterhornPopup.tsx": {"path":"/home/runner/work/FickleFlight/FickleFlight/src/components/MatterhornPopup.tsx","statementMap":{"0":{"start":{"line":10,"column":64},"end":{"line":24,"column":1}},"1":{"start":{"line":14,"column":2},"end":{"line":23,"column":4}}},"fnMap":{"0":{"name":"(anonymous_0)","decl":{"start":{"line":10,"column":64},"end":{"line":10,"column":65}},"loc":{"start":{"line":13,"column":6},"end":{"line":24,"column":1}},"line":13}},"branchMap":{"0":{"loc":{"start":{"line":11,"column":2},"end":{"line":11,"column":16}},"type":"default-arg","locations":[{"start":{"line":11,"column":14},"end":{"line":11,"column":16}}],"line":11}},"s":{"0":1,"1":10},"f":{"0":10},"b":{"0":[8]},"_coverageSchema":"1a1c01bbd47fc00a2c39e90264f33305004495a9","hash":"aefa5f8f0612a38b632f33d8cd5ee448338d0894"}
,"/home/runner/work/FickleFlight/FickleFlight/src/components/PortalPopup.tsx": {"path":"/home/runner/work/FickleFlight/FickleFlight/src/components/PortalPopup.tsx","statementMap":{"0":{"start":{"line":36,"column":51},"end":{"line":178,"column":1}},"1":{"start":{"line":48,"column":26},"end":{"line":48,"column":54}},"2":{"start":{"line":49,"column":44},"end":{"line":51,"column":4}},"3":{"start":{"line":52,"column":21},"end":{"line":90,"column":66}},"4":{"start":{"line":53,"column":33},"end":{"line":53,"column":35}},"5":{"start":{"line":54,"column":4},"end":{"line":54,"column":26}},"6":{"start":{"line":56,"column":4},"end":{"line":58,"column":5}},"7":{"start":{"line":57,"column":6},"end":{"line":57,"column":43}},"8":{"start":{"line":59,"column":4},"end":{"line":87,"column":5}},"9":{"start":{"line":60,"column":6},"end":{"line":86,"column":7}},"10":{"start":{"line":62,"column":10},"end":{"line":62,"column":38}},"11":{"start":{"line":63,"column":10},"end":{"line":63,"column":42}},"12":{"start":{"line":64,"column":10},"end":{"line":64,"column":16}},"13":{"start":{"line":66,"column":10},"end":{"line":66,"column":42}},"14":{"start":{"line":67,"column":10},"end":{"line":67,"column":16}},"15":{"start":{"line":69,"column":10},"end":{"line":69,"column":38}},"16":{"start":{"line":70,"column":10},"end":{"line":70,"column":16}},"17":{"start":{"line":72,"column":10},"end":{"line":72,"column":40}},"18":{"start":{"line":73,"column":10},"end":{"line":73,"column":16}},"19":{"start":{"line":75,"column":10},"end":{"line":75,"column":42}},"20":{"start":{"line":76,"column":10},"end":{"line":76,"column":44}},"21":{"start":{"line":77,"column":10},"end":{"line":77,"column":16}},"22":{"start":{"line":79,"column":10},"end":{"line":79,"column":38}},"23":{"start":{"line":80,"column":10},"end":{"line":80,"column":44}},"24":{"start":{"line":81,"column":10},"end":{"line":81,"column":16}},"25":{"start":{"line":83,"column":10},"end":{"line":83,"column":40}},"26":{"start":{"line":84,"column":10},"end":{"line":84,"column":44}},"27":{"start":{"line":85,"column":10},"end":{"line":85,"column":16}},"28":{"start":{"line":88,"column":4},"end":{"line":88,"column":22}},"29":{"start":{"line":89,"column":4},"end":{"line":89,"column":17}},"30":{"start":{"line":92,"column":22},"end":{"line":138,"column":4}},"31":{"start":{"line":93,"column":25},"end":{"line":93,"column":75}},"32":{"start":{"line":94,"column":26},"end":{"line":94,"column":75}},"33":{"start":{"line":95,"column":33},"end":{"line":95,"column":47}},"34":{"start":{"line":96,"column":4},"end":{"line":129,"column":5}},"35":{"start":{"line":102,"column":10},"end":{"line":102,"column":22}},"36":{"start":{"line":103,"column":56},"end":{"line":103,"column":69}},"37":{"start":{"line":104,"column":6},"end":{"line":104,"column":34}},"38":{"start":{"line":105,"column":6},"end":{"line":122,"column":7}},"39":{"start":{"line":107,"column":10},"end":{"line":107,"column":51}},"40":{"start":{"line":108,"column":10},"end":{"line":108,"column":40}},"41":{"start":{"line":109,"column":10},"end":{"line":109,"column":16}},"42":{"start":{"line":111,"column":10},"end":{"line":111,"column":51}},"43":{"start":{"line":112,"column":10},"end":{"line":112,"column":66}},"44":{"start":{"line":113,"column":10},"end":{"line":113,"column":16}},"45":{"start":{"line":115,"column":10},"end":{"line":115,"column":53}},"46":{"start":{"line":116,"column":10},"end":{"line":116,"column":40}},"47":{"start":{"line":117,"column":10},"end":{"line":117,"column":16}},"48":{"start":{"line":119,"column":10},"end":{"line":119,"column":53}},"49":{"start":{"line":120,"column":10},"end":{"line":120,"column":66}},"50":{"start":{"line":121,"column":10},"end":{"line":121,"column":16}},"51":{"start":{"line":124,"column":6},"end":{"line":124,"column":30}},"52":{"start":{"line":126,"column":6},"end":{"line":126,"column":29}},"53":{"start":{"line":127,"column":6},"end":{"line":127,"column":30}},"54":{"start":{"line":128,"column":6},"end":{"line":128,"column":30}},"55":{"start":{"line":140,"column":2},"end":{"line":150,"column":20}},"56":{"start":{"line":141,"column":4},"end":{"line":141,"column":18}},"57":{"start":{"line":143,"column":4},"end":{"line":143,"column":51}},"58":{"start":{"line":144,"column":4},"end":{"line":144,"column":57}},"59":{"start":{"line":146,"column":4},"end":{"line":149,"column":6}},"60":{"start":{"line":147,"column":6},"end":{"line":147,"column":56}},"61":{"start":{"line":148,"column":6},"end":{"line":148,"column":62}},"62":{"start":{"line":152,"column":25},"end":{"line":163,"column":3}},"63":{"start":{"line":154,"column":6},"end":{"line":159,"column":7}},"64":{"start":{"line":158,"column":8},"end":{"line":158,"column":25}},"65":{"start":{"line":160,"column":6},"end":{"line":160,"column":26}},"66":{"start":{"line":165,"column":2},"end":{"line":177,"column":4}},"67":{"start":{"line":185,"column":54},"end":{"line":197,"column":1}},"68":{"start":{"line":189,"column":19},"end":{"line":189,"column":55}},"69":{"start":{"line":190,"column":2},"end":{"line":194,"column":3}},"70":{"start":{"line":191,"column":4},"end":{"line":191,"column":47}},"71":{"start":{"line":192,"column":4},"end":{"line":192,"column":47}},"72":{"start":{"line":193,"column":4},"end":{"line":193,"column":42}},"73":{"start":{"line":196,"column":2},"end":{"line":196,"column":44}}},"fnMap":{"0":{"name":"(anonymous_0)","decl":{"start":{"line":36,"column":51},"end":{"line":36,"column":52}},"loc":{"start":{"line":47,"column":6},"end":{"line":178,"column":1}},"line":47},"1":{"name":"(anonymous_1)","decl":{"start":{"line":52,"column":29},"end":{"line":52,"column":30}},"loc":{"start":{"line":52,"column":35},"end":{"line":90,"column":3}},"line":52},"2":{"name":"(anonymous_2)","decl":{"start":{"line":92,"column":34},"end":{"line":92,"column":35}},"loc":{"start":{"line":92,"column":40},"end":{"line":130,"column":3}},"line":92},"3":{"name":"(anonymous_3)","decl":{"start":{"line":140,"column":12},"end":{"line":140,"column":13}},"loc":{"start":{"line":140,"column":18},"end":{"line":150,"column":3}},"line":140},"4":{"name":"(anonymous_4)","decl":{"start":{"line":146,"column":11},"end":{"line":146,"column":12}},"loc":{"start":{"line":146,"column":17},"end":{"line":149,"column":5}},"line":146},"5":{"name":"(anonymous_5)","decl":{"start":{"line":153,"column":4},"end":{"line":153,"column":5}},"loc":{"start":{"line":153,"column":45},"end":{"line":161,"column":5}},"line":153},"6":{"name":"(anonymous_6)","decl":{"start":{"line":185,"column":54},"end":{"line":185,"column":55}},"loc":{"start":{"line":188,"column":6},"end":{"line":197,"column":1}},"line":188}},"branchMap":{"0":{"loc":{"start":{"line":39,"column":2},"end":{"line":39,"column":24}},"type":"default-arg","locations":[{"start":{"line":39,"column":14},"end":{"line":39,"column":24}}],"line":39},"1":{"loc":{"start":{"line":41,"column":2},"end":{"line":41,"column":14}},"type":"default-arg","locations":[{"start":{"line":41,"column":11},"end":{"line":41,"column":14}}],"line":41},"2":{"loc":{"start":{"line":42,"column":2},"end":{"line":42,"column":10}},"type":"default-arg","locations":[{"start":{"line":42,"column":9},"end":{"line":42,"column":10}}],"line":42},"3":{"loc":{"start":{"line":43,"column":2},"end":{"line":43,"column":11}},"type":"default-arg","locations":[{"start":{"line":43,"column":10},"end":{"line":43,"column":11}}],"line":43},"4":{"loc":{"start":{"line":44,"column":2},"end":{"line":44,"column":9}},"type":"default-arg","locations":[{"start":{"line":44,"column":8},"end":{"line":44,"column":9}}],"line":44},"5":{"loc":{"start":{"line":45,"column":2},"end":{"line":45,"column":12}},"type":"default-arg","locations":[{"start":{"line":45,"column":11},"end":{"line":45,"column":12}}],"line":45},"6":{"loc":{"start":{"line":56,"column":4},"end":{"line":58,"column":5}},"type":"if","locations":[{"start":{"line":56,"column":4},"end":{"line":58,"column":5}},{"start":{},"end":{}}],"line":56},"7":{"loc":{"start":{"line":59,"column":4},"end":{"line":87,"column":5}},"type":"if","locations":[{"start":{"line":59,"column":4},"end":{"line":87,"column":5}},{"start":{},"end":{}}],"line":59},"8":{"loc":{"start":{"line":60,"column":6},"end":{"line":86,"column":7}},"type":"switch","locations":[{"start":{"line":61,"column":8},"end":{"line":64,"column":16}},{"start":{"line":65,"column":8},"end":{"line":67,"column":16}},{"start":{"line":68,"column":8},"end":{"line":70,"column":16}},{"start":{"line":71,"column":8},"end":{"line":73,"column":16}},{"start":{"line":74,"column":8},"end":{"line":77,"column":16}},{"start":{"line":78,"column":8},"end":{"line":81,"column":16}},{"start":{"line":82,"column":8},"end":{"line":85,"column":16}}],"line":60},"9":{"loc":{"start":{"line":96,"column":4},"end":{"line":129,"column":5}},"type":"if","locations":[{"start":{"line":96,"column":4},"end":{"line":129,"column":5}},{"start":{"line":125,"column":11},"end":{"line":129,"column":5}}],"line":96},"10":{"loc":{"start":{"line":96,"column":8},"end":{"line":96,"column":37}},"type":"binary-expr","locations":[{"start":{"line":96,"column":8},"end":{"line":96,"column":20}},{"start":{"line":96,"column":24},"end":{"line":96,"column":37}}],"line":96},"11":{"loc":{"start":{"line":105,"column":6},"end":{"line":122,"column":7}},"type":"switch","locations":[{"start":{"line":106,"column":8},"end":{"line":109,"column":16}},{"start":{"line":110,"column":8},"end":{"line":113,"column":16}},{"start":{"line":114,"column":8},"end":{"line":117,"column":16}},{"start":{"line":118,"column":8},"end":{"line":121,"column":16}}],"line":105},"12":{"loc":{"start":{"line":154,"column":6},"end":{"line":159,"column":7}},"type":"if","locations":[{"start":{"line":154,"column":6},"end":{"line":159,"column":7}},{"start":{},"end":{}}],"line":154},"13":{"loc":{"start":{"line":155,"column":8},"end":{"line":156,"column":79}},"type":"binary-expr","locations":[{"start":{"line":155,"column":8},"end":{"line":155,"column":22}},{"start":{"line":156,"column":8},"end":{"line":156,"column":79}}],"line":155},"14":{"loc":{"start":{"line":187,"column":2},"end":{"line":187,"column":25}},"type":"default-arg","locations":[{"start":{"line":187,"column":16},"end":{"line":187,"column":25}}],"line":187},"15":{"loc":{"start":{"line":190,"column":2},"end":{"line":194,"column":3}},"type":"if","locations":[{"start":{"line":190,"column":2},"end":{"line":194,"column":3}},{"start":{},"end":{}}],"line":190}},"s":{"0":1,"1":36,"2":36,"3":36,"4":12,"5":12,"6":12,"7":1,"8":12,"9":12,"10":6,"11":6,"12":6,"13":1,"14":1,"15":1,"16":1,"17":1,"18":1,"19":1,"20":1,"21":1,"22":1,"23":1,"24":1,"25":1,"26":1,"27":1,"28":12,"29":12,"30":36,"31":24,"32":24,"33":24,"34":24,"35":0,"36":0,"37":0,"38":0,"39":0,"40":0,"41":0,"42":0,"43":0,"44":0,"45":0,"46":0,"47":0,"48":0,"49":0,"50":0,"51":0,"52":24,"53":24,"54":24,"55":36,"56":24,"57":24,"58":24,"59":24,"60":24,"61":24,"62":36,"63":2,"64":1,"65":2,"66":36,"67":1,"68":39,"69":39,"70":9,"71":9,"72":9,"73":39},"f":{"0":36,"1":12,"2":24,"3":24,"4":24,"5":2,"6":39},"b":{"0":[18],"1":[33],"2":[36],"3":[36],"4":[36],"5":[36],"6":[1,11],"7":[12,0],"8":[6,1,1,1,1,1,1],"9":[0,24],"10":[24,0],"11":[0,0,0,0],"12":[1,1],"13":[2,2],"14":[38],"15":[9,30]},"_coverageSchema":"1a1c01bbd47fc00a2c39e90264f33305004495a9","hash":"8c8f86204d05a3786aec5a38e58492e26a824006"}
,"/home/runner/work/FickleFlight/FickleFlight/src/components/ResultsPage.tsx": {"path":"/home/runner/work/FickleFlight/FickleFlight/src/components/ResultsPage.tsx","statementMap":{"0":{"start":{"line":21,"column":56},"end":{"line":634,"column":1}},"1":{"start":{"line":26,"column":4},"end":{"line":26,"column":18}},"2":{"start":{"line":27,"column":19},"end":{"line":27,"column":32}},"3":{"start":{"line":29,"column":34},"end":{"line":31,"column":16}},"4":{"start":{"line":30,"column":4},"end":{"line":30,"column":26}},"5":{"start":{"line":33,"column":28},"end":{"line":35,"column":16}},"6":{"start":{"line":34,"column":4},"end":{"line":34,"column":29}},"7":{"start":{"line":37,"column":2},"end":{"line":633,"column":4}},"8":{"start":{"line":108,"column":24},"end":{"line":115,"column":26}},"9":{"start":{"line":135,"column":24},"end":{"line":142,"column":26}},"10":{"start":{"line":153,"column":26},"end":{"line":153,"column":68}},"11":{"start":{"line":172,"column":45},"end":{"line":172,"column":50}}},"fnMap":{"0":{"name":"(anonymous_0)","decl":{"start":{"line":21,"column":56},"end":{"line":21,"column":57}},"loc":{"start":{"line":24,"column":6},"end":{"line":634,"column":1}},"line":24},"1":{"name":"(anonymous_1)","decl":{"start":{"line":29,"column":46},"end":{"line":29,"column":47}},"loc":{"start":{"line":29,"column":52},"end":{"line":31,"column":3}},"line":29},"2":{"name":"(anonymous_2)","decl":{"start":{"line":33,"column":40},"end":{"line":33,"column":41}},"loc":{"start":{"line":33,"column":46},"end":{"line":35,"column":3}},"line":33},"3":{"name":"(anonymous_3)","decl":{"start":{"line":107,"column":35},"end":{"line":107,"column":36}},"loc":{"start":{"line":108,"column":24},"end":{"line":115,"column":26}},"line":108},"4":{"name":"(anonymous_4)","decl":{"start":{"line":134,"column":35},"end":{"line":134,"column":36}},"loc":{"start":{"line":135,"column":24},"end":{"line":142,"column":26}},"line":135},"5":{"name":"(anonymous_5)","decl":{"start":{"line":152,"column":34},"end":{"line":152,"column":35}},"loc":{"start":{"line":152,"column":53},"end":{"line":154,"column":25}},"line":152},"6":{"name":"(anonymous_6)","decl":{"start":{"line":172,"column":39},"end":{"line":172,"column":40}},"loc":{"start":{"line":172,"column":45},"end":{"line":172,"column":50}},"line":172}},"branchMap":{"0":{"loc":{"start":{"line":22,"column":2},"end":{"line":22,"column":16}},"type":"default-arg","locations":[{"start":{"line":22,"column":14},"end":{"line":22,"column":16}}],"line":22}},"s":{"0":0,"1":0,"2":0,"3":0,"4":0,"5":0,"6":0,"7":0,"8":0,"9":0,"10":0,"11":0},"f":{"0":0,"1":0,"2":0,"3":0,"4":0,"5":0,"6":0},"b":{"0":[0]}}
}
