TN:
SF:src/App.tsx
FN:10,App
FN:15,(anonymous_1)
FN:21,(anonymous_2)
FNF:3
FNH:3
FNDA:2,App
FNDA:2,(anonymous_1)
FNDA:2,(anonymous_2)
DA:11,2
DA:12,2
DA:13,2
DA:15,2
DA:16,2
DA:17,2
DA:21,2
DA:22,2
DA:23,2
DA:25,2
DA:27,2
DA:28,2
DA:29,2
DA:32,2
DA:33,0
DA:36,2
DA:37,0
DA:40,0
DA:41,0
DA:46,2
LF:20
LH:16
BRDA:16,0,0,2
BRDA:16,0,1,0
BRDA:25,1,0,2
BRDA:32,2,0,0
BRDA:32,2,1,2
BRDA:36,3,0,0
BRDA:36,3,1,2
BRDA:40,4,0,0
BRDA:40,4,1,0
BRF:9
BRH:4
end_of_record
TN:
SF:src/index.tsx
FNF:0
FNH:0
DA:15,0
DA:17,0
DA:18,0
DA:20,0
DA:34,0
LF:5
LH:0
BRF:0
BRH:0
end_of_record
TN:
SF:src/reportWebVitals.tsx
FN:2,(anonymous_0)
FN:4,(anonymous_1)
FNF:2
FNH:0
FNDA:0,(anonymous_0)
FNDA:0,(anonymous_1)
DA:2,0
DA:3,0
DA:4,0
DA:5,0
DA:6,0
DA:7,0
DA:8,0
DA:9,0
LF:8
LH:0
BRDA:3,0,0,0
BRDA:3,0,1,0
BRDA:3,1,0,0
BRDA:3,1,1,0
BRF:4
BRH:0
end_of_record
TN:
SF:src/test-utils.tsx
FN:16,(anonymous_0)
FN:27,(anonymous_1)
FNF:2
FNH:2
FNDA:18,(anonymous_0)
FNDA:17,(anonymous_1)
DA:10,4
DA:16,4
DA:17,18
DA:27,4
DA:30,17
LF:5
LH:5
BRF:0
BRH:0
end_of_record
TN:
SF:src/components/Homepage.tsx
FN:22,(anonymous_0)
FN:30,(anonymous_1)
FN:34,(anonymous_2)
FN:38,(anonymous_3)
FN:42,(anonymous_4)
FN:143,(anonymous_5)
FN:170,(anonymous_6)
FN:188,(anonymous_7)
FN:208,(anonymous_8)
FNF:9
FNH:0
FNDA:0,(anonymous_0)
FNDA:0,(anonymous_1)
FNDA:0,(anonymous_2)
FNDA:0,(anonymous_3)
FNDA:0,(anonymous_4)
FNDA:0,(anonymous_5)
FNDA:0,(anonymous_6)
FNDA:0,(anonymous_7)
FNDA:0,(anonymous_8)
DA:22,0
DA:26,0
DA:27,0
DA:28,0
DA:30,0
DA:31,0
DA:34,0
DA:35,0
DA:38,0
DA:39,0
DA:42,0
DA:43,0
DA:46,0
DA:144,0
DA:171,0
DA:189,0
DA:208,0
LF:17
LH:0
BRDA:22,0,0,0
BRDA:788,1,0,0
BRDA:788,1,1,0
BRF:3
BRH:0
end_of_record
TN:
SF:src/components/HotelsPage.tsx
FN:12,(anonymous_0)
FN:16,(anonymous_1)
FN:20,(anonymous_2)
FN:24,(anonymous_3)
FN:28,(anonymous_4)
FNF:5
FNH:1
FNDA:3,(anonymous_0)
FNDA:0,(anonymous_1)
FNDA:0,(anonymous_2)
FNDA:0,(anonymous_3)
FNDA:0,(anonymous_4)
DA:12,1
DA:13,3
DA:14,3
DA:16,3
DA:17,0
DA:20,3
DA:21,0
DA:24,3
DA:25,0
DA:28,3
DA:29,0
DA:32,3
LF:12
LH:8
BRDA:12,0,0,2
BRDA:387,1,0,3
BRDA:387,1,1,0
BRF:3
BRH:2
end_of_record
TN:
SF:src/components/MatterhornPopup.tsx
FN:10,(anonymous_0)
FNF:1
FNH:1
FNDA:4,(anonymous_0)
DA:10,1
DA:14,4
LF:2
LH:2
BRDA:11,0,0,3
BRF:1
BRH:1
end_of_record
TN:
SF:src/components/PortalPopup.tsx
FN:36,(anonymous_0)
FN:52,(anonymous_1)
FN:92,(anonymous_2)
FN:140,(anonymous_3)
FN:146,(anonymous_4)
FN:153,(anonymous_5)
FN:185,(anonymous_6)
FNF:7
FNH:7
FNDA:26,(anonymous_0)
FNDA:9,(anonymous_1)
FNDA:17,(anonymous_2)
FNDA:17,(anonymous_3)
FNDA:17,(anonymous_4)
FNDA:2,(anonymous_5)
FNDA:26,(anonymous_6)
DA:36,1
DA:48,26
DA:49,26
DA:52,26
DA:53,9
DA:54,9
DA:56,9
DA:57,1
DA:59,9
DA:60,9
DA:62,7
DA:63,7
DA:64,7
DA:66,1
DA:67,1
DA:69,0
DA:70,0
DA:72,0
DA:73,0
DA:75,0
DA:76,0
DA:77,0
DA:79,0
DA:80,0
DA:81,0
DA:83,1
DA:84,1
DA:85,1
DA:88,9
DA:89,9
DA:92,26
DA:93,17
DA:94,17
DA:95,17
DA:96,17
DA:102,0
DA:103,0
DA:104,0
DA:105,0
DA:107,0
DA:108,0
DA:109,0
DA:111,0
DA:112,0
DA:113,0
DA:115,0
DA:116,0
DA:117,0
DA:119,0
DA:120,0
DA:121,0
DA:124,0
DA:126,17
DA:127,17
DA:128,17
DA:140,26
DA:141,17
DA:143,17
DA:144,17
DA:146,17
DA:147,17
DA:148,17
DA:152,26
DA:154,2
DA:158,1
DA:160,2
DA:165,26
DA:185,1
DA:189,26
DA:190,26
DA:191,8
DA:192,8
DA:193,8
DA:196,26
LF:74
LH:47
BRDA:39,0,0,21
BRDA:41,1,0,23
BRDA:42,2,0,26
BRDA:43,3,0,26
BRDA:44,4,0,26
BRDA:45,5,0,26
BRDA:56,6,0,1
BRDA:56,6,1,8
BRDA:59,7,0,9
BRDA:59,7,1,0
BRDA:60,8,0,7
BRDA:60,8,1,1
BRDA:60,8,2,0
BRDA:60,8,3,0
BRDA:60,8,4,0
BRDA:60,8,5,0
BRDA:60,8,6,1
BRDA:96,9,0,0
BRDA:96,9,1,17
BRDA:96,10,0,17
BRDA:96,10,1,0
BRDA:105,11,0,0
BRDA:105,11,1,0
BRDA:105,11,2,0
BRDA:105,11,3,0
BRDA:154,12,0,1
BRDA:154,12,1,1
BRDA:155,13,0,2
BRDA:155,13,1,2
BRDA:187,14,0,26
BRDA:190,15,0,8
BRDA:190,15,1,18
BRF:32
BRH:21
end_of_record
TN:
SF:src/components/ResultsPage.tsx
FN:21,(anonymous_0)
FN:29,(anonymous_1)
FN:33,(anonymous_2)
FN:107,(anonymous_3)
FN:134,(anonymous_4)
FN:152,(anonymous_5)
FN:172,(anonymous_6)
FNF:7
FNH:0
FNDA:0,(anonymous_0)
FNDA:0,(anonymous_1)
FNDA:0,(anonymous_2)
FNDA:0,(anonymous_3)
FNDA:0,(anonymous_4)
FNDA:0,(anonymous_5)
FNDA:0,(anonymous_6)
DA:21,0
DA:26,0
DA:27,0
DA:29,0
DA:30,0
DA:33,0
DA:34,0
DA:37,0
DA:108,0
DA:135,0
DA:153,0
DA:172,0
LF:12
LH:0
BRDA:22,0,0,0
BRF:1
BRH:0
end_of_record
