TN:
SF:src/App.tsx
FN:10,App
FN:15,(anonymous_1)
FN:21,(anonymous_2)
FNF:3
FNH:0
FNDA:0,App
FNDA:0,(anonymous_1)
FNDA:0,(anonymous_2)
DA:11,0
DA:12,0
DA:13,0
DA:15,0
DA:16,0
DA:17,0
DA:21,0
DA:22,0
DA:23,0
DA:25,0
DA:27,0
DA:28,0
DA:29,0
DA:32,0
DA:33,0
DA:36,0
DA:37,0
DA:40,0
DA:41,0
DA:46,0
LF:20
LH:0
BRDA:16,0,0,0
BRDA:16,0,1,0
BRDA:25,1,0,0
BRDA:32,2,0,0
BRDA:32,2,1,0
BRDA:36,3,0,0
BRDA:36,3,1,0
BRDA:40,4,0,0
BRDA:40,4,1,0
BRF:9
BRH:0
end_of_record
TN:
SF:src/index.tsx
FNF:0
FNH:0
DA:15,0
DA:17,0
DA:18,0
DA:20,0
DA:34,0
LF:5
LH:0
BRF:0
BRH:0
end_of_record
TN:
SF:src/reportWebVitals.tsx
FN:2,(anonymous_0)
FN:4,(anonymous_1)
FNF:2
FNH:0
FNDA:0,(anonymous_0)
FNDA:0,(anonymous_1)
DA:2,0
DA:3,0
DA:4,0
DA:5,0
DA:6,0
DA:7,0
DA:8,0
DA:9,0
LF:8
LH:0
BRDA:3,0,0,0
BRDA:3,0,1,0
BRDA:3,1,0,0
BRDA:3,1,1,0
BRF:4
BRH:0
end_of_record
TN:
SF:src/components/Homepage.tsx
FN:22,(anonymous_0)
FN:30,(anonymous_1)
FN:34,(anonymous_2)
FN:38,(anonymous_3)
FN:42,(anonymous_4)
FN:143,(anonymous_5)
FN:170,(anonymous_6)
FN:188,(anonymous_7)
FN:208,(anonymous_8)
FNF:9
FNH:0
FNDA:0,(anonymous_0)
FNDA:0,(anonymous_1)
FNDA:0,(anonymous_2)
FNDA:0,(anonymous_3)
FNDA:0,(anonymous_4)
FNDA:0,(anonymous_5)
FNDA:0,(anonymous_6)
FNDA:0,(anonymous_7)
FNDA:0,(anonymous_8)
DA:22,0
DA:26,0
DA:27,0
DA:28,0
DA:30,0
DA:31,0
DA:34,0
DA:35,0
DA:38,0
DA:39,0
DA:42,0
DA:43,0
DA:46,0
DA:144,0
DA:171,0
DA:189,0
DA:208,0
LF:17
LH:0
BRDA:22,0,0,0
BRDA:788,1,0,0
BRDA:788,1,1,0
BRF:3
BRH:0
end_of_record
TN:
SF:src/components/HotelsPage.tsx
FN:12,(anonymous_0)
FN:16,(anonymous_1)
FN:20,(anonymous_2)
FN:24,(anonymous_3)
FN:28,(anonymous_4)
FNF:5
FNH:0
FNDA:0,(anonymous_0)
FNDA:0,(anonymous_1)
FNDA:0,(anonymous_2)
FNDA:0,(anonymous_3)
FNDA:0,(anonymous_4)
DA:12,0
DA:13,0
DA:14,0
DA:16,0
DA:17,0
DA:20,0
DA:21,0
DA:24,0
DA:25,0
DA:28,0
DA:29,0
DA:32,0
LF:12
LH:0
BRDA:12,0,0,0
BRDA:387,1,0,0
BRDA:387,1,1,0
BRF:3
BRH:0
end_of_record
TN:
SF:src/components/MatterhornPopup.tsx
FN:10,(anonymous_0)
FNF:1
FNH:1
FNDA:8,(anonymous_0)
DA:10,2
DA:14,8
LF:2
LH:2
BRDA:11,0,0,6
BRF:1
BRH:1
end_of_record
TN:
SF:src/components/PortalPopup.tsx
FN:36,(anonymous_0)
FN:52,(anonymous_1)
FN:92,(anonymous_2)
FN:140,(anonymous_3)
FN:146,(anonymous_4)
FN:153,(anonymous_5)
FN:185,(anonymous_6)
FNF:7
FNH:7
FNDA:45,(anonymous_0)
FNDA:15,(anonymous_1)
FNDA:30,(anonymous_2)
FNDA:30,(anonymous_3)
FNDA:30,(anonymous_4)
FNDA:2,(anonymous_5)
FNDA:45,(anonymous_6)
DA:36,2
DA:48,45
DA:49,45
DA:52,45
DA:53,15
DA:54,15
DA:56,15
DA:57,2
DA:59,15
DA:60,15
DA:62,8
DA:63,8
DA:64,8
DA:66,1
DA:67,1
DA:69,2
DA:70,2
DA:72,1
DA:73,1
DA:75,1
DA:76,1
DA:77,1
DA:79,1
DA:80,1
DA:81,1
DA:83,1
DA:84,1
DA:85,1
DA:88,15
DA:89,15
DA:92,45
DA:93,30
DA:94,30
DA:95,30
DA:96,30
DA:102,0
DA:103,0
DA:104,0
DA:105,0
DA:107,0
DA:108,0
DA:109,0
DA:111,0
DA:112,0
DA:113,0
DA:115,0
DA:116,0
DA:117,0
DA:119,0
DA:120,0
DA:121,0
DA:124,0
DA:126,30
DA:127,30
DA:128,30
DA:140,45
DA:141,30
DA:143,30
DA:144,30
DA:146,30
DA:147,30
DA:148,30
DA:152,45
DA:154,2
DA:158,1
DA:160,2
DA:165,45
DA:185,2
DA:189,45
DA:190,45
DA:191,8
DA:192,8
DA:193,8
DA:196,45
LF:74
LH:57
BRDA:39,0,0,24
BRDA:41,1,0,42
BRDA:42,2,0,45
BRDA:43,3,0,45
BRDA:44,4,0,45
BRDA:45,5,0,45
BRDA:56,6,0,2
BRDA:56,6,1,13
BRDA:59,7,0,15
BRDA:59,7,1,0
BRDA:60,8,0,8
BRDA:60,8,1,1
BRDA:60,8,2,2
BRDA:60,8,3,1
BRDA:60,8,4,1
BRDA:60,8,5,1
BRDA:60,8,6,1
BRDA:96,9,0,0
BRDA:96,9,1,30
BRDA:96,10,0,30
BRDA:96,10,1,0
BRDA:105,11,0,0
BRDA:105,11,1,0
BRDA:105,11,2,0
BRDA:105,11,3,0
BRDA:154,12,0,1
BRDA:154,12,1,1
BRDA:155,13,0,2
BRDA:155,13,1,2
BRDA:187,14,0,45
BRDA:190,15,0,8
BRDA:190,15,1,37
BRF:32
BRH:25
end_of_record
TN:
SF:src/components/ResultsPage.tsx
FN:21,(anonymous_0)
FN:29,(anonymous_1)
FN:33,(anonymous_2)
FN:107,(anonymous_3)
FN:134,(anonymous_4)
FN:152,(anonymous_5)
FN:172,(anonymous_6)
FNF:7
FNH:0
FNDA:0,(anonymous_0)
FNDA:0,(anonymous_1)
FNDA:0,(anonymous_2)
FNDA:0,(anonymous_3)
FNDA:0,(anonymous_4)
FNDA:0,(anonymous_5)
FNDA:0,(anonymous_6)
DA:21,0
DA:26,0
DA:27,0
DA:29,0
DA:30,0
DA:33,0
DA:34,0
DA:37,0
DA:108,0
DA:135,0
DA:153,0
DA:172,0
LF:12
LH:0
BRDA:22,0,0,0
BRF:1
BRH:0
end_of_record
